<?xml version="1.0" encoding="UTF-8" ?>
<testsuite tests="33" failures="0" name="AVLTree_ESTest" time="0.136" errors="0" skipped="0">
  <properties>
[...]
</properties>
  <testcase classname="AVLTree_ESTest" name="test01" time="0.019"/>
  <testcase classname="AVLTree_ESTest" name="test23" time="0.002"/>
  <testcase classname="AVLTree_ESTest" name="test00" time="0.016"/>
  <testcase classname="AVLTree_ESTest" name="test22" time="0.003"/>
  <testcase classname="AVLTree_ESTest" name="test21" time="0.003"/>
  <testcase classname="AVLTree_ESTest" name="test20" time="0.004"/>
  <testcase classname="AVLTree_ESTest" name="test05" time="0.003"/>
  <testcase classname="AVLTree_ESTest" name="test27" time="0.003"/>
  <testcase classname="AVLTree_ESTest" name="test04" time="0.002"/>
  <testcase classname="AVLTree_ESTest" name="test26" time="0.003"/>
  <testcase classname="AVLTree_ESTest" name="test03" time="0.005"/>
  <testcase classname="AVLTree_ESTest" name="test25" time="0.002"/>
  <testcase classname="AVLTree_ESTest" name="test02" time="0.002"/>
  <testcase classname="AVLTree_ESTest" name="test24" time="0.003"/>
  <testcase classname="AVLTree_ESTest" name="test09" time="0.002"/>
  <testcase classname="AVLTree_ESTest" name="test08" time="0.004"/>
  <testcase classname="AVLTree_ESTest" name="test07" time="0.002"/>
  <testcase classname="AVLTree_ESTest" name="test29" time="0.002"/>
  <testcase classname="AVLTree_ESTest" name="test06" time="0.002"/>
  <testcase classname="AVLTree_ESTest" name="test28" time="0.002"/>
  <testcase classname="AVLTree_ESTest" name="test12" time="0.004"/>
  <testcase classname="AVLTree_ESTest" name="test11" time="0.011"/>
  <testcase classname="AVLTree_ESTest" name="test10" time="0.003"/>
  <testcase classname="AVLTree_ESTest" name="test32" time="0.002"/>
  <testcase classname="AVLTree_ESTest" name="test31" time="0.002"/>
  <testcase classname="AVLTree_ESTest" name="test16" time="0.001"/>
  <testcase classname="AVLTree_ESTest" name="test15" time="0.002"/>
  <testcase classname="AVLTree_ESTest" name="test14" time="0.002"/>
  <testcase classname="AVLTree_ESTest" name="test13" time="0.009"/>
  <testcase classname="AVLTree_ESTest" name="test19" time="0.003"/>
  <testcase classname="AVLTree_ESTest" name="test18" time="0.002"/>
  <testcase classname="AVLTree_ESTest" name="test17" time="0.009"/>
  <testcase classname="AVLTree_ESTest" name="test30" time="0.002"/>
</testsuite>